<?xml version="1.0" encoding="UTF-8"?>
<!-- Generated by org.testng.reporters.JUnitXMLReporter -->
<testsuite ignored="0" hostname="DESKTOP-CEN98NP" failures="0" tests="1" name="edgetest" time="0.414" errors="0" timestamp="2025-07-21T18:36:46 IST">
  <testcase classname="testCases.BaseClass" name="@BeforeClass setup" time="0.017">
    <failure type="java.lang.Error" message="Unresolved compilation problems: 
	RemoteWebDriver cannot be resolved to a type
	RemoteWebDriver cannot be resolved to a type
	URL cannot be resolved to a type
	Syntax error on token &amp;quot;)&amp;quot;, delete this token
">
      <![CDATA[java.lang.Error: Unresolved compilation problems: 
RemoteWebDriver cannot be resolved to a type
RemoteWebDriver cannot be resolved to a type
URL cannot be resolved to a type
Syntax error on token ")", delete this token

at testCases.BaseClass.setup(BaseClass.java:87)
at java.base/java.util.ArrayList.forEach(ArrayList.java:1596)
at java.base/java.util.concurrent.FutureTask.run(FutureTask.java:317)
at java.base/java.util.concurrent.ThreadPoolExecutor.runWorker(ThreadPoolExecutor.java:1144)
at java.base/java.util.concurrent.ThreadPoolExecutor$Worker.run(ThreadPoolExecutor.java:642)
at java.base/java.lang.Thread.run(Thread.java:1583)
... Removed 13 stack frames]]>
    </failure>
  </testcase> <!-- @BeforeClass setup -->
  <testcase classname="testCases.BaseClass" name="@AfterClass tearDown" time="0.0">
    <skipped/>
  </testcase> <!-- @AfterClass tearDown -->
  <testcase classname="testCases.TC001_AccountRegistrationTest" name="verify_account_registration" time="0.0">
    <skipped/>
  </testcase> <!-- verify_account_registration -->
</testsuite> <!-- edgetest -->
