<?xml version="1.0" encoding="UTF-8"?>
<!-- Generated by org.testng.reporters.JUnitXMLReporter -->
<testsuite ignored="0" hostname="DESKTOP-CEN98NP" failures="1" tests="1" name="Test(failed)" time="14.809" errors="0" timestamp="2025-07-21T15:54:42 IST">
  <testcase classname="testCases.TC002_LoginTest" name="verify_login" time="10.481">
    <failure type="java.lang.AssertionError" message="null">
      <![CDATA[java.lang.AssertionError: null
at testCases.TC002_LoginTest.verify_login(TC002_LoginTest.java:47)
at java.base/java.util.ArrayList.forEach(ArrayList.java:1596)
... Removed 27 stack frames]]>
    </failure>
  </testcase> <!-- verify_login -->
</testsuite> <!-- Test(failed) -->
